<?xml version="1.0" encoding="UTF-8"?>
<testng-results ignored="0" total="1" passed="1" failed="0" skipped="0">
  <reporter-output>
    <line>
      <![CDATA[ErrMsg is Displayed:Invalid username and/or password.]]>
    </line>
  </reporter-output>
  <suite started-at="2024-03-27T11:33:13 IST" name="Default suite" finished-at="2024-03-27T11:33:24 IST" duration-ms="10461">
    <groups>
    </groups>
    <test started-at="2024-03-27T11:33:13 IST" name="Default test" finished-at="2024-03-27T11:33:24 IST" duration-ms="10461">
      <class name="script.InvalidLogin">
        <test-method is-config="true" signature="initReport()[pri:0, instance:script.InvalidLogin@437da279]" started-at="2024-03-27T11:33:13 IST" name="initReport" finished-at="2024-03-27T11:33:13 IST" duration-ms="260" status="PASS">
          <reporter-output>
          </reporter-output>
        </test-method> <!-- initReport -->
        <test-method is-config="true" signature="preCondition(java.lang.reflect.Method,java.lang.String,java.lang.String,java.lang.String)[pri:0, instance:script.InvalidLogin@437da279]" started-at="2024-03-27T11:33:13 IST" name="preCondition" finished-at="2024-03-27T11:33:20 IST" duration-ms="6699" status="PASS">
          <params>
            <param index="0">
              <value>
                <![CDATA[public void script.InvalidLogin.testInvalidLogin()]]>
              </value>
            </param>
            <param index="1">
              <value>
                <![CDATA[CHROME]]>
              </value>
            </param>
            <param index="2">
              <value>
                <![CDATA[NO]]>
              </value>
            </param>
            <param index="3">
              <value>
                <![CDATA[ https://oauth-meghadevanagoudar25-42531:808bf474-cfc2-46eb-b2f6-4b8056ed53b2@ondemand.eu-central-1.saucelabs.com:443/wd/hub"]]>
              </value>
            </param>
          </params>
          <reporter-output>
          </reporter-output>
        </test-method> <!-- preCondition -->
        <test-method signature="testInvalidLogin()[pri:2, instance:script.InvalidLogin@437da279]" started-at="2024-03-27T11:33:20 IST" name="testInvalidLogin" finished-at="2024-03-27T11:33:22 IST" duration-ms="1576" status="PASS">
          <reporter-output>
            <line>
              <![CDATA[ErrMsg is Displayed:Invalid username and/or password.]]>
            </line>
          </reporter-output>
        </test-method> <!-- testInvalidLogin -->
        <test-method is-config="true" signature="postCondition(org.testng.ITestResult)[pri:0, instance:script.InvalidLogin@437da279]" started-at="2024-03-27T11:33:22 IST" name="postCondition" finished-at="2024-03-27T11:33:24 IST" duration-ms="2151" status="PASS">
          <params>
            <param index="0">
              <value>
                <![CDATA[[TestResult name=testInvalidLogin status=SUCCESS method=InvalidLogin.testInvalidLogin()[pri:2, instance:script.InvalidLogin@437da279] output=ErrMsg is Displayed:Invalid username and/or password.]]]>
              </value>
            </param>
          </params>
          <reporter-output>
          </reporter-output>
        </test-method> <!-- postCondition -->
        <test-method is-config="true" signature="publishReport()[pri:0, instance:script.InvalidLogin@437da279]" started-at="2024-03-27T11:33:24 IST" name="publishReport" finished-at="2024-03-27T11:33:24 IST" duration-ms="368" status="PASS">
          <reporter-output>
          </reporter-output>
        </test-method> <!-- publishReport -->
      </class> <!-- script.InvalidLogin -->
    </test> <!-- Default test -->
  </suite> <!-- Default suite -->
</testng-results>
